This is pdfTeX, Version 3.14159265-2.6-1.40.18 (TeX Live 2017) (preloaded format=pdflatex 2017.5.23)  8 JUN 2017 17:22
entering extended mode
 restricted \write18 enabled.
 %&-line parsing enabled.
**jun6.tex
(./jun6.tex
LaTeX2e <2017-04-15>
Babel <3.10> and hyphenation patterns for 84 language(s) loaded.
(./dalcsthesis.cls
Document Class: dalcsthesis 2005/02/24 v2.4 Dalhousie University thesis class
(/usr/local/texlive/2017/texmf-dist/tex/latex/base/report.cls
Document Class: report 2014/09/29 v1.4h Standard LaTeX document class
(/usr/local/texlive/2017/texmf-dist/tex/latex/base/size12.clo
File: size12.clo 2014/09/29 v1.4h Standard LaTeX file (size option)
)
\c@part=\count79
\c@chapter=\count80
\c@section=\count81
\c@subsection=\count82
\c@subsubsection=\count83
\c@paragraph=\count84
\c@subparagraph=\count85
\c@figure=\count86
\c@table=\count87
\abovecaptionskip=\skip41
\belowcaptionskip=\skip42
\bibindent=\dimen102
)
(./afterpage.sty
Package: afterpage 1995/10/27 v1.08 After-Page Package (DPC)
\AP@output=\toks14
\AP@partial=\box26
\AP@footins=\box27
)
\dal@textheight@default=\skip43
\dal@textheight@footer=\skip44
\dal@tempdima=\dimen103
\dal@tempdimb=\dimen104
\dal@supervisornum=\count88
\c@dal@signatures=\count89
\c@dal@readernum=\count90
) (./jun6.aux)
\openout1 = `jun6.aux'.

LaTeX Font Info:    Checking defaults for OML/cmm/m/it on input line 7.
LaTeX Font Info:    ... okay on input line 7.
LaTeX Font Info:    Checking defaults for T1/cmr/m/n on input line 7.
LaTeX Font Info:    ... okay on input line 7.
LaTeX Font Info:    Checking defaults for OT1/cmr/m/n on input line 7.
LaTeX Font Info:    ... okay on input line 7.
LaTeX Font Info:    Checking defaults for OMS/cmsy/m/n on input line 7.
LaTeX Font Info:    ... okay on input line 7.
LaTeX Font Info:    Checking defaults for OMX/cmex/m/n on input line 7.
LaTeX Font Info:    ... okay on input line 7.
LaTeX Font Info:    Checking defaults for U/cmr/m/n on input line 7.
LaTeX Font Info:    ... okay on input line 7.

Unavoidable over/underfulls may occur in the first
few pages of dalcsthesis. These can usually be ignored.
However, if uncorrectable errors occur, notify staff.
LaTeX Info: Redefining \\ on input line 26.
LaTeX Font Info:    Try loading font information for OMS+cmr on input line 26.
(/usr/local/texlive/2017/texmf-dist/tex/latex/base/omscmr.fd
File: omscmr.fd 2014/09/29 v2.5h Standard LaTeX font definitions
)
LaTeX Font Info:    Font shape `OMS/cmr/m/n' in size <12> not available
(Font)              Font shape `OMS/cmsy/m/n' tried instead on input line 26.
 [1

{/usr/local/texlive/2017/texmf-var/fonts/map/pdftex/updmap/pdftex.map}]
LaTeX Info: Redefining \\ on input line 26.
LaTeX Info: Redefining \\ on input line 26.
\c@dal@loopindex=\count91
 [2

]
LaTeX Info: Redefining \\ on input line 26.
 [3

] (./jun6.toc
LaTeX Font Info:    External font `cmex10' loaded for size
(Font)              <12> on input line 2.
LaTeX Font Info:    External font `cmex10' loaded for size
(Font)              <8> on input line 2.
LaTeX Font Info:    External font `cmex10' loaded for size
(Font)              <6> on input line 2.
)
\tf@toc=\write3
\openout3 = `jun6.toc'.


[4


]
\ab@page=\count92
 [5


] [6

]
Dalthesis preface pages completed.
Chapter 1.
[1

]
Chapter 2.
[2

]
Chapter 3.
[3

]
Chapter 4.
[4

]
Chapter 5.
[5

]
Chapter 6.
[6

]
Chapter 7.
[7

]
Chapter 8.
No file jun6.bbl.
[8

] (./jun6.aux) ) 
Here is how much of TeX's memory you used:
 507 strings out of 492995
 6281 string characters out of 6132704
 65258 words of memory out of 5000000
 4122 multiletter control sequences out of 15000+600000
 7588 words of font info for 27 fonts, out of 8000000 for 9000
 1141 hyphenation exceptions out of 8191
 28i,7n,21p,173b,226s stack positions out of 5000i,500n,10000p,200000b,80000s
</usr/local/texlive/2017/texmf-dist/fonts/type1/public/amsfonts
/cm/cmbx12.pfb></usr/local/texlive/2017/texmf-dist/fonts/type1/public/amsfonts/
cm/cmr10.pfb></usr/local/texlive/2017/texmf-dist/fonts/type1/public/amsfonts/cm
/cmr12.pfb></usr/local/texlive/2017/texmf-dist/fonts/type1/public/amsfonts/cm/c
msy10.pfb>
Output written on jun6.pdf (14 pages, 62277 bytes).
PDF statistics:
 66 PDF objects out of 1000 (max. 8388607)
 45 compressed objects within 1 object stream
 0 named destinations out of 1000 (max. 500000)
 1 words of extra memory for PDF output out of 10000 (max. 10000000)

